e:\projects\openglfinal\openglfinal\x64\release\vc143.pdb
e:\projects\openglfinal\openglfinal\x64\release\world.obj
e:\projects\openglfinal\openglfinal\x64\release\stb_image.obj
e:\projects\openglfinal\openglfinal\x64\release\shader.obj
e:\projects\openglfinal\openglfinal\x64\release\planeactor.obj
e:\projects\openglfinal\openglfinal\x64\release\material.obj
e:\projects\openglfinal\openglfinal\x64\release\main.obj
e:\projects\openglfinal\openglfinal\x64\release\lightsource.obj
e:\projects\openglfinal\openglfinal\x64\release\camera.obj
e:\projects\openglfinal\openglfinal\x64\release\boxactor.obj
e:\projects\openglfinal\openglfinal\x64\release\actor.obj
e:\projects\openglfinal\openglfinal\x64\release\collisionbody.obj
e:\projects\openglfinal\openglfinal\x64\release\collisionbox.obj
e:\projects\openglfinal\openglfinal\x64\release\glad.obj
e:\projects\openglfinal\x64\release\openglfinal.exe
e:\projects\openglfinal\openglfinal\x64\release\openglfinal.ipdb
e:\projects\openglfinal\x64\release\openglfinal.pdb
e:\projects\openglfinal\openglfinal\x64\release\openglfinal.iobj
e:\projects\openglfinal\openglfinal\x64\release\openglfinal.tlog\cl.command.1.tlog
e:\projects\openglfinal\openglfinal\x64\release\openglfinal.tlog\cl.read.1.tlog
e:\projects\openglfinal\openglfinal\x64\release\openglfinal.tlog\cl.write.1.tlog
e:\projects\openglfinal\openglfinal\x64\release\openglfinal.tlog\link.command.1.tlog
e:\projects\openglfinal\openglfinal\x64\release\openglfinal.tlog\link.read.1.tlog
e:\projects\openglfinal\openglfinal\x64\release\openglfinal.tlog\link.write.1.tlog
