  collisionBox.cpp
  collisionBody.cpp
  actor.cpp
  boxActor.cpp
  camera.cpp
  lightSource.cpp
  main.cpp
E:\Projects\OpenGLFinal\OpenGLFinal\src\main.cpp(69,12): warning C4244: 'argument': conversion from 'time_t' to 'unsigned int', possible loss of data
E:\Projects\OpenGLFinal\OpenGLFinal\src\main.cpp(80,21): warning C4244: 'initializing': conversion from 'double' to 'float', possible loss of data
E:\Projects\OpenGLFinal\OpenGLFinal\src\main.cpp(152,113): warning C4244: 'argument': conversion from 'int' to 'const btScalar', possible loss of data
E:\Projects\OpenGLFinal\OpenGLFinal\src\main.cpp(152,99): warning C4244: 'argument': conversion from 'int' to 'const btScalar', possible loss of data
E:\Projects\OpenGLFinal\OpenGLFinal\src\main.cpp(152,85): warning C4244: 'argument': conversion from 'int' to 'const btScalar', possible loss of data
  material.cpp
  planeActor.cpp
E:\Projects\OpenGLFinal\OpenGLFinal\src\planeActor.cpp(30,115): warning C4244: 'argument': conversion from 'double' to 'const btScalar', possible loss of data
E:\Projects\OpenGLFinal\OpenGLFinal\src\planeActor.cpp(30,95): warning C4244: 'argument': conversion from 'double' to 'const btScalar', possible loss of data
  shader.cpp
  stb_image.cpp
  world.cpp
  glad.c
  Generating code
  Previous IPDB not found, fall back to full compilation.
  All 844 functions were compiled because no usable IPDB/IOBJ from previous compilation was found.
  Finished generating code
  OpenGLFinal.vcxproj -> E:\Projects\OpenGLFinal\x64\Release\OpenGLFinal.exe
  E:\Projects\OpenGLFinal\OpenGLFinal\\data\brickWall.jpg
  E:\Projects\OpenGLFinal\OpenGLFinal\\data\brick_wall_diff.tga
  E:\Projects\OpenGLFinal\OpenGLFinal\\data\brick_wall_spec.tga
  E:\Projects\OpenGLFinal\OpenGLFinal\\data\container.png
  E:\Projects\OpenGLFinal\OpenGLFinal\\data\plane_diff.jpg
  E:\Projects\OpenGLFinal\OpenGLFinal\\data\plane_spec.jpg
  E:\Projects\OpenGLFinal\OpenGLFinal\\data\specularMap.png
  E:\Projects\OpenGLFinal\OpenGLFinal\\data\test.txt
  8 File(s) copied
  E:\Projects\OpenGLFinal\OpenGLFinal\\shader\lightingShader.fs
  E:\Projects\OpenGLFinal\OpenGLFinal\\shader\lightingShader.vs
  E:\Projects\OpenGLFinal\OpenGLFinal\\shader\lightSource.fs
  3 File(s) copied
